0 info it worked if it ends with ok
1 verbose cli [ '/home/miguelnieva/.nvm/v0.10.16/bin/node',
1 verbose cli   '/home/miguelnieva/.nvm/v0.10.16/bin/npm',
1 verbose cli   'start' ]
2 info using npm@1.3.8
3 info using node@v0.10.16
4 error Error: ENOENT, open '/home/miguelnieva/Dropbox/www/ghost/content/themes/phantom/package.json'
5 error If you need help, you may report this log at:
5 error     <http://github.com/isaacs/npm/issues>
5 error or email it to:
5 error     <npm-@googlegroups.com>
6 error System Linux 3.11.0-20-generic
7 error command "/home/miguelnieva/.nvm/v0.10.16/bin/node" "/home/miguelnieva/.nvm/v0.10.16/bin/npm" "start"
8 error cwd /home/miguelnieva/Dropbox/www/ghost/content/themes/phantom
9 error node -v v0.10.16
10 error npm -v 1.3.8
11 error path /home/miguelnieva/Dropbox/www/ghost/content/themes/phantom/package.json
12 error code ENOENT
13 error errno 34
14 verbose exit [ 34, true ]
